# JRE version: OpenJDK Runtime Environment (17.0.9) (build 17.0.9+0--11185874)
# Java VM: OpenJDK 64-Bit Server VM (17.0.9+0--11185874, mixed mode, tiered, compressed oops, compressed class ptrs, g1 gc, windows-amd64)
GC Precious Log:
 CPUs: 16 total, 16 available
 Memory: 16088M
 Large Page Support: Disabled
 NUMA Support: Disabled
 Compressed Oops: Enabled (32-bit)
 Heap Region Size: 1M
 Heap Min Capacity: 8M
 Heap Initial Capacity: 252M
 Heap Max Capacity: 2G
 Pre-touch: Disabled
 Parallel Workers: 13
 Concurrent Workers: 3
 Concurrent Refinement Workers: 13
 Periodic GC: Disabled
Heap:
 garbage-first heap   total 147456K, used 102741K [0x0000000080000000, 0x0000000100000000)
  region size 1024K, 22 young (22528K), 2 survivors (2048K)
 Metaspace       used 66428K, committed 67072K, reserved 1114112K
  class space    used 8926K, committed 9216K, reserved 1048576K
GC Heap History (20 events):
Event: 6.864 GC heap before
{Heap before GC invocations=23 (full 0):
 garbage-first heap   total 97280K, used 76870K [0x0000000080000000, 0x0000000100000000)
  region size 1024K, 24 young (24576K), 3 survivors (3072K)
 Metaspace       used 55159K, committed 55744K, reserved 1114112K
  class space    used 7394K, committed 7680K, reserved 1048576K
}
Event: 6.866 GC heap after
{Heap after GC invocations=24 (full 0):
 garbage-first heap   total 97280K, used 56967K [0x0000000080000000, 0x0000000100000000)
  region size 1024K, 3 young (3072K), 3 survivors (3072K)
 Metaspace       used 55159K, committed 55744K, reserved 1114112K
  class space    used 7394K, committed 7680K, reserved 1048576K
}
Event: 7.150 GC heap before
{Heap before GC invocations=24 (full 0):
 garbage-first heap   total 97280K, used 78471K [0x0000000080000000, 0x0000000100000000)
  region size 1024K, 24 young (24576K), 3 survivors (3072K)
 Metaspace       used 57631K, committed 58304K, reserved 1114112K
  class space    used 7803K, committed 8128K, reserved 1048576K
}
Event: 7.152 GC heap after
{Heap after GC invocations=25 (full 0):
 garbage-first heap   total 97280K, used 57914K [0x0000000080000000, 0x0000000100000000)
  region size 1024K, 2 young (2048K), 2 survivors (2048K)
 Metaspace       used 57631K, committed 58304K, reserved 1114112K
  class space    used 7803K, committed 8128K, reserved 1048576K
}
Event: 7.451 GC heap before
{Heap before GC invocations=26 (full 0):
 garbage-first heap   total 101376K, used 78394K [0x0000000080000000, 0x0000000100000000)
  region size 1024K, 23 young (23552K), 2 survivors (2048K)
 Metaspace       used 58931K, committed 59520K, reserved 1114112K
  class space    used 7963K, committed 8256K, reserved 1048576K
}
Event: 7.453 GC heap after
{Heap after GC invocations=27 (full 0):
 garbage-first heap   total 101376K, used 60313K [0x0000000080000000, 0x0000000100000000)
  region size 1024K, 3 young (3072K), 3 survivors (3072K)
 Metaspace       used 58931K, committed 59520K, reserved 1114112K
  class space    used 7963K, committed 8256K, reserved 1048576K
}
Event: 7.547 GC heap before
{Heap before GC invocations=27 (full 0):
 garbage-first heap   total 101376K, used 72601K [0x0000000080000000, 0x0000000100000000)
  region size 1024K, 17 young (17408K), 3 survivors (3072K)
 Metaspace       used 59215K, committed 59904K, reserved 1114112K
  class space    used 7984K, committed 8320K, reserved 1048576K
}
Event: 7.549 GC heap after
{Heap after GC invocations=28 (full 0):
 garbage-first heap   total 101376K, used 61637K [0x0000000080000000, 0x0000000100000000)
  region size 1024K, 2 young (2048K), 2 survivors (2048K)
 Metaspace       used 59215K, committed 59904K, reserved 1114112K
  class space    used 7984K, committed 8320K, reserved 1048576K
}
Event: 7.592 GC heap before
{Heap before GC invocations=29 (full 0):
 garbage-first heap   total 111616K, used 64709K [0x0000000080000000, 0x0000000100000000)
  region size 1024K, 4 young (4096K), 2 survivors (2048K)
 Metaspace       used 59218K, committed 59904K, reserved 1114112K
  class space    used 7984K, committed 8320K, reserved 1048576K
}
Event: 7.593 GC heap after
{Heap after GC invocations=30 (full 0):
 garbage-first heap   total 111616K, used 64915K [0x0000000080000000, 0x0000000100000000)
  region size 1024K, 3 young (3072K), 3 survivors (3072K)
 Metaspace       used 59218K, committed 59904K, reserved 1114112K
  class space    used 7984K, committed 8320K, reserved 1048576K
}
Event: 7.653 GC heap before
{Heap before GC invocations=31 (full 0):
 garbage-first heap   total 114688K, used 67987K [0x0000000080000000, 0x0000000100000000)
  region size 1024K, 5 young (5120K), 3 survivors (3072K)
 Metaspace       used 59226K, committed 59904K, reserved 1114112K
  class space    used 7986K, committed 8320K, reserved 1048576K
}
Event: 7.654 GC heap after
{Heap after GC invocations=32 (full 0):
 garbage-first heap   total 114688K, used 68764K [0x0000000080000000, 0x0000000100000000)
  region size 1024K, 3 young (3072K), 3 survivors (3072K)
 Metaspace       used 59226K, committed 59904K, reserved 1114112K
  class space    used 7986K, committed 8320K, reserved 1048576K
}
Event: 7.790 GC heap before
{Heap before GC invocations=33 (full 0):
 garbage-first heap   total 122880K, used 80028K [0x0000000080000000, 0x0000000100000000)
  region size 1024K, 13 young (13312K), 3 survivors (3072K)
 Metaspace       used 59846K, committed 60480K, reserved 1114112K
  class space    used 8095K, committed 8384K, reserved 1048576K
}
Event: 7.791 GC heap after
{Heap after GC invocations=34 (full 0):
 garbage-first heap   total 122880K, used 73999K [0x0000000080000000, 0x0000000100000000)
  region size 1024K, 3 young (3072K), 3 survivors (3072K)
 Metaspace       used 59846K, committed 60480K, reserved 1114112K
  class space    used 8095K, committed 8384K, reserved 1048576K
}
Event: 7.983 GC heap before
{Heap before GC invocations=35 (full 0):
 garbage-first heap   total 137216K, used 90383K [0x0000000080000000, 0x0000000100000000)
  region size 1024K, 16 young (16384K), 3 survivors (3072K)
 Metaspace       used 60456K, committed 61120K, reserved 1114112K
  class space    used 8153K, committed 8448K, reserved 1048576K
}
Event: 7.984 GC heap after
{Heap after GC invocations=36 (full 0):
 garbage-first heap   total 137216K, used 81292K [0x0000000080000000, 0x0000000100000000)
  region size 1024K, 3 young (3072K), 3 survivors (3072K)
 Metaspace       used 60456K, committed 61120K, reserved 1114112K
  class space    used 8153K, committed 8448K, reserved 1048576K
}
Event: 8.135 GC heap before
{Heap before GC invocations=37 (full 0):
 garbage-first heap   total 142336K, used 100748K [0x0000000080000000, 0x0000000100000000)
  region size 1024K, 21 young (21504K), 3 survivors (3072K)
 Metaspace       used 62075K, committed 62720K, reserved 1114112K
  class space    used 8386K, committed 8704K, reserved 1048576K
}
Event: 8.136 GC heap after
{Heap after GC invocations=38 (full 0):
 garbage-first heap   total 142336K, used 82641K [0x0000000080000000, 0x0000000100000000)
  region size 1024K, 1 young (1024K), 1 survivors (1024K)
 Metaspace       used 62075K, committed 62720K, reserved 1114112K
  class space    used 8386K, committed 8704K, reserved 1048576K
}
Event: 8.291 GC heap before
{Heap before GC invocations=38 (full 0):
 garbage-first heap   total 142336K, used 103121K [0x0000000080000000, 0x0000000100000000)
  region size 1024K, 22 young (22528K), 1 survivors (1024K)
 Metaspace       used 64369K, committed 65024K, reserved 1114112K
  class space    used 8634K, committed 8960K, reserved 1048576K
}
Event: 8.293 GC heap after
{Heap after GC invocations=39 (full 0):
 garbage-first heap   total 142336K, used 83285K [0x0000000080000000, 0x0000000100000000)
  region size 1024K, 2 young (2048K), 2 survivors (2048K)
 Metaspace       used 64369K, committed 65024K, reserved 1114112K
  class space    used 8634K, committed 8960K, reserved 1048576K
}

